[2020-12-17T18:35:04.265219+00:00] test.INFO: Anmeldung {"email":"admin@emensa.example"} []
[2020-12-17T18:35:04.283604+00:00] test.INFO: Dies ist ein Seitenaufruf [] []
[2020-12-17T18:35:05.637703+00:00] test.INFO: Abmeldung {"email":"admin@emensa.example"} []
[2020-12-17T18:35:05.656229+00:00] test.INFO: Dies ist ein Seitenaufruf [] []
[2020-12-17T18:59:18.343715+00:00] test.INFO: Dies ist ein Seitenaufruf [] []
[2020-12-17T18:59:26.598790+00:00] test.INFO: Anmeldung {"email":"admin@emensa.example"} []
[2020-12-17T18:59:26.616907+00:00] test.INFO: Dies ist ein Seitenaufruf [] []
[2020-12-17T18:59:27.704679+00:00] test.INFO: Abmeldung {"email":"admin@emensa.example"} []
[2020-12-17T18:59:27.723162+00:00] test.INFO: Dies ist ein Seitenaufruf [] []
[2020-12-17T19:00:42.053158+00:00] test.INFO: Dies ist ein Seitenaufruf [] []
[2020-12-17T19:00:47.600184+00:00] test.WARNING: Versuchte Anmeldung {"email":"admin@emensa.example"} []
[2020-12-17T19:00:59.076513+00:00] test.INFO: Anmeldung {"email":"admin@emensa.example"} []
[2020-12-17T19:00:59.094971+00:00] test.INFO: Dies ist ein Seitenaufruf [] []
[2020-12-17T19:01:01.361049+00:00] test.INFO: Abmeldung {"email":"admin@emensa.example"} []
[2020-12-17T19:01:01.380774+00:00] test.INFO: Dies ist ein Seitenaufruf [] []
[2020-12-17T19:01:07.237996+00:00] test.WARNING: Versuchte Anmeldung {"email":"admin@emensa.example"} []
[2020-12-29T18:17:14.104139+00:00] test.INFO: Dies ist ein Seitenaufruf [] []
[2020-12-29T18:29:12.148802+00:00] test.INFO: Dies ist ein Seitenaufruf [] []
[2020-12-29T18:29:27.607013+00:00] test.INFO: Dies ist ein Seitenaufruf [] []
[2020-12-29T18:37:48.904329+00:00] test.INFO: Dies ist ein Seitenaufruf [] []
[2020-12-29T18:42:59.485577+00:00] test.INFO: Dies ist ein Seitenaufruf [] []
[2020-12-29T18:43:37.255281+00:00] test.INFO: Dies ist ein Seitenaufruf [] []
[2020-12-29T18:47:04.946297+00:00] test.INFO: Dies ist ein Seitenaufruf [] []
[2020-12-29T18:47:12.655057+00:00] test.INFO: Dies ist ein Seitenaufruf [] []
[2020-12-29T18:47:17.496769+00:00] test.INFO: Dies ist ein Seitenaufruf [] []
[2020-12-29T18:47:33.375672+00:00] test.INFO: Dies ist ein Seitenaufruf [] []
[2020-12-29T18:50:26.522913+00:00] test.INFO: Dies ist ein Seitenaufruf [] []
[2021-01-04T11:01:01.284242+00:00] test.INFO: Dies ist ein Seitenaufruf [] []
[2021-01-04T19:00:44.809234+00:00] test.INFO: Dies ist ein Seitenaufruf [] []
[2021-01-04T19:05:34.708875+00:00] test.INFO: Dies ist ein Seitenaufruf [] []
[2021-01-04T19:05:47.252029+00:00] test.INFO: Dies ist ein Seitenaufruf [] []
[2021-01-04T19:08:08.706252+00:00] test.INFO: Dies ist ein Seitenaufruf [] []
[2021-01-04T19:09:14.666531+00:00] test.INFO: Dies ist ein Seitenaufruf [] []
[2021-01-04T19:11:34.251068+00:00] test.INFO: Dies ist ein Seitenaufruf [] []
[2021-01-04T19:12:01.587359+00:00] test.INFO: Dies ist ein Seitenaufruf [] []
[2021-01-04T19:16:39.659228+00:00] test.INFO: Dies ist ein Seitenaufruf [] []
[2021-01-04T19:16:48.470100+00:00] test.INFO: Dies ist ein Seitenaufruf [] []
[2021-01-04T19:17:11.881498+00:00] test.INFO: Dies ist ein Seitenaufruf [] []
[2021-01-04T19:17:35.111465+00:00] test.INFO: Dies ist ein Seitenaufruf [] []
[2021-01-04T19:17:43.030326+00:00] test.INFO: Dies ist ein Seitenaufruf [] []
[2021-01-04T19:26:33.602746+00:00] test.INFO: Dies ist ein Seitenaufruf [] []
[2021-01-04T19:27:07.029129+00:00] test.INFO: Dies ist ein Seitenaufruf [] []
[2021-01-04T19:27:45.786494+00:00] test.INFO: Dies ist ein Seitenaufruf [] []
[2021-01-04T19:33:37.354779+00:00] test.INFO: Dies ist ein Seitenaufruf [] []
[2021-01-04T19:33:47.298580+00:00] test.INFO: Anmeldung {"email":"admin@emensa.example"} []
[2021-01-04T19:33:47.333590+00:00] test.INFO: Dies ist ein Seitenaufruf [] []
[2021-01-05T11:04:58.569142+00:00] test.INFO: Dies ist ein Seitenaufruf [] []
[2021-01-05T11:05:06.528147+00:00] test.INFO: Anmeldung {"email":"admin@emensa.example"} []
[2021-01-05T11:05:06.555165+00:00] test.INFO: Dies ist ein Seitenaufruf [] []
[2021-01-05T11:05:29.064740+00:00] test.INFO: Abmeldung {"email":"admin@emensa.example"} []
[2021-01-05T11:05:29.091635+00:00] test.INFO: Dies ist ein Seitenaufruf [] []
[2021-01-05T11:05:35.600112+00:00] test.INFO: Anmeldung {"email":"admin@emensa.example"} []
[2021-01-05T11:05:35.621877+00:00] test.INFO: Dies ist ein Seitenaufruf [] []
[2021-01-05T11:05:40.034064+00:00] test.INFO: Abmeldung {"email":"admin@emensa.example"} []
[2021-01-05T11:05:40.056568+00:00] test.INFO: Dies ist ein Seitenaufruf [] []
[2021-01-05T11:06:21.632770+00:00] test.INFO: Dies ist ein Seitenaufruf [] []
[2021-01-05T11:14:22.300598+00:00] test.INFO: Dies ist ein Seitenaufruf [] []
[2021-01-05T11:19:26.339598+00:00] test.INFO: Dies ist ein Seitenaufruf [] []
[2021-01-05T11:19:33.230757+00:00] test.INFO: Anmeldung {"email":"admin@emensa.example"} []
[2021-01-05T11:19:33.252408+00:00] test.INFO: Dies ist ein Seitenaufruf [] []
[2021-01-05T11:19:34.655283+00:00] test.INFO: Abmeldung {"email":"admin@emensa.example"} []
[2021-01-05T11:19:34.675758+00:00] test.INFO: Dies ist ein Seitenaufruf [] []
[2021-01-05T11:19:38.121769+00:00] test.WARNING: Versuchte Anmeldung {"email":"admin@emensa.example"} []
[2021-01-06T14:33:23.692434+00:00] test.INFO: Dies ist ein Seitenaufruf [] []
[2021-01-06T15:05:04.981806+00:00] test.INFO: Dies ist ein Seitenaufruf [] []
[2021-01-06T15:07:43.402292+00:00] test.INFO: Dies ist ein Seitenaufruf [] []
[2021-01-06T15:08:51.121765+00:00] test.INFO: Dies ist ein Seitenaufruf [] []
[2021-01-06T15:09:16.391148+00:00] test.INFO: Dies ist ein Seitenaufruf [] []
[2021-01-06T15:09:28.573952+00:00] test.INFO: Dies ist ein Seitenaufruf [] []
[2021-01-06T15:09:41.039418+00:00] test.INFO: Dies ist ein Seitenaufruf [] []
[2021-01-06T15:11:19.699156+00:00] test.INFO: Dies ist ein Seitenaufruf [] []
[2021-01-06T15:11:42.190151+00:00] test.INFO: Dies ist ein Seitenaufruf [] []
[2021-01-06T15:12:00.448020+00:00] test.INFO: Dies ist ein Seitenaufruf [] []
[2021-01-06T15:12:25.177537+00:00] test.INFO: Dies ist ein Seitenaufruf [] []
[2021-01-06T15:12:38.330838+00:00] test.INFO: Dies ist ein Seitenaufruf [] []
[2021-01-06T15:12:49.072425+00:00] test.INFO: Dies ist ein Seitenaufruf [] []
[2021-01-06T15:12:56.051889+00:00] test.INFO: Dies ist ein Seitenaufruf [] []
[2021-01-06T15:13:12.258580+00:00] test.INFO: Dies ist ein Seitenaufruf [] []
[2021-01-06T15:14:06.469048+00:00] test.INFO: Dies ist ein Seitenaufruf [] []
[2021-01-06T15:14:22.281799+00:00] test.INFO: Dies ist ein Seitenaufruf [] []
[2021-01-06T15:14:29.731607+00:00] test.INFO: Dies ist ein Seitenaufruf [] []
[2021-01-06T15:21:54.084109+00:00] test.INFO: Dies ist ein Seitenaufruf [] []
[2021-01-06T15:22:24.841877+00:00] test.INFO: Dies ist ein Seitenaufruf [] []
[2021-01-06T15:23:31.220543+00:00] test.INFO: Dies ist ein Seitenaufruf [] []
[2021-01-06T15:23:39.428941+00:00] test.INFO: Dies ist ein Seitenaufruf [] []
[2021-01-06T15:24:28.961117+00:00] test.INFO: Dies ist ein Seitenaufruf [] []
[2021-01-06T15:24:33.743795+00:00] test.INFO: Dies ist ein Seitenaufruf [] []
[2021-01-06T15:24:41.615674+00:00] test.INFO: Dies ist ein Seitenaufruf [] []
[2021-01-06T15:24:48.460917+00:00] test.INFO: Dies ist ein Seitenaufruf [] []
[2021-01-06T15:25:55.409447+00:00] test.INFO: Dies ist ein Seitenaufruf [] []
[2021-01-06T15:26:26.956484+00:00] test.INFO: Dies ist ein Seitenaufruf [] []
[2021-01-06T15:26:31.690473+00:00] test.INFO: Dies ist ein Seitenaufruf [] []
[2021-01-06T15:26:36.671062+00:00] test.INFO: Dies ist ein Seitenaufruf [] []
[2021-01-06T15:26:41.513700+00:00] test.INFO: Dies ist ein Seitenaufruf [] []
[2021-01-06T15:26:45.111984+00:00] test.INFO: Dies ist ein Seitenaufruf [] []
[2021-01-06T15:27:19.653495+00:00] test.INFO: Dies ist ein Seitenaufruf [] []
[2021-01-06T15:27:48.035351+00:00] test.INFO: Dies ist ein Seitenaufruf [] []
[2021-01-06T15:28:22.649989+00:00] test.INFO: Dies ist ein Seitenaufruf [] []
[2021-01-06T15:28:29.315539+00:00] test.INFO: Dies ist ein Seitenaufruf [] []
[2021-01-06T15:28:33.734048+00:00] test.INFO: Dies ist ein Seitenaufruf [] []
[2021-01-06T15:28:56.178714+00:00] test.INFO: Dies ist ein Seitenaufruf [] []
[2021-01-06T15:29:09.144915+00:00] test.INFO: Dies ist ein Seitenaufruf [] []
[2021-01-06T15:29:32.122912+00:00] test.INFO: Dies ist ein Seitenaufruf [] []
[2021-01-06T15:31:12.849329+00:00] test.INFO: Dies ist ein Seitenaufruf [] []
[2021-01-06T15:31:33.285358+00:00] test.INFO: Dies ist ein Seitenaufruf [] []
[2021-01-06T15:31:42.962630+00:00] test.INFO: Dies ist ein Seitenaufruf [] []
[2021-01-06T15:31:58.690121+00:00] test.INFO: Dies ist ein Seitenaufruf [] []
[2021-01-06T15:33:00.164900+00:00] test.INFO: Dies ist ein Seitenaufruf [] []
[2021-01-06T15:33:28.186551+00:00] test.INFO: Dies ist ein Seitenaufruf [] []
[2021-01-06T15:33:37.469533+00:00] test.INFO: Dies ist ein Seitenaufruf [] []
[2021-01-06T15:34:48.715613+00:00] test.INFO: Dies ist ein Seitenaufruf [] []
[2021-01-06T15:34:54.877132+00:00] test.INFO: Dies ist ein Seitenaufruf [] []
[2021-01-06T15:35:01.994248+00:00] test.INFO: Dies ist ein Seitenaufruf [] []
[2021-01-06T15:35:37.146089+00:00] test.INFO: Dies ist ein Seitenaufruf [] []
[2021-01-06T15:35:44.841572+00:00] test.INFO: Dies ist ein Seitenaufruf [] []
[2021-01-06T15:35:49.921078+00:00] test.INFO: Dies ist ein Seitenaufruf [] []
[2021-01-06T15:35:56.422985+00:00] test.INFO: Dies ist ein Seitenaufruf [] []
[2021-01-06T15:36:01.303678+00:00] test.INFO: Dies ist ein Seitenaufruf [] []
[2021-01-06T15:36:05.137698+00:00] test.INFO: Dies ist ein Seitenaufruf [] []
[2021-01-06T15:36:15.491792+00:00] test.INFO: Dies ist ein Seitenaufruf [] []
[2021-01-06T15:36:25.339974+00:00] test.INFO: Dies ist ein Seitenaufruf [] []
[2021-01-06T15:37:01.948667+00:00] test.INFO: Dies ist ein Seitenaufruf [] []
[2021-01-06T15:37:57.535343+00:00] test.INFO: Dies ist ein Seitenaufruf [] []
[2021-01-06T15:38:01.322380+00:00] test.INFO: Dies ist ein Seitenaufruf [] []
[2021-01-06T15:38:07.860279+00:00] test.INFO: Dies ist ein Seitenaufruf [] []
[2021-01-06T15:38:26.807653+00:00] test.INFO: Dies ist ein Seitenaufruf [] []
[2021-01-06T15:38:35.475529+00:00] test.INFO: Dies ist ein Seitenaufruf [] []
[2021-01-06T15:38:36.493026+00:00] test.INFO: Dies ist ein Seitenaufruf [] []
[2021-01-06T15:38:50.413990+00:00] test.INFO: Dies ist ein Seitenaufruf [] []
[2021-01-06T15:39:02.248013+00:00] test.INFO: Dies ist ein Seitenaufruf [] []
[2021-01-06T15:39:03.233303+00:00] test.INFO: Dies ist ein Seitenaufruf [] []
[2021-01-06T15:39:10.440513+00:00] test.INFO: Dies ist ein Seitenaufruf [] []
[2021-01-06T15:39:16.342566+00:00] test.INFO: Dies ist ein Seitenaufruf [] []
[2021-01-06T15:39:18.324781+00:00] test.INFO: Dies ist ein Seitenaufruf [] []
[2021-01-06T15:39:21.419534+00:00] test.INFO: Dies ist ein Seitenaufruf [] []
[2021-01-06T15:39:27.699307+00:00] test.INFO: Dies ist ein Seitenaufruf [] []
[2021-01-06T15:39:49.536346+00:00] test.INFO: Dies ist ein Seitenaufruf [] []
[2021-01-06T15:39:58.252301+00:00] test.INFO: Dies ist ein Seitenaufruf [] []
[2021-01-06T15:40:19.505864+00:00] test.INFO: Dies ist ein Seitenaufruf [] []
[2021-01-06T15:40:20.248182+00:00] test.INFO: Dies ist ein Seitenaufruf [] []
[2021-01-06T15:40:22.040634+00:00] test.INFO: Dies ist ein Seitenaufruf [] []
[2021-01-06T15:40:47.604687+00:00] test.INFO: Dies ist ein Seitenaufruf [] []
[2021-01-06T15:41:05.320928+00:00] test.INFO: Dies ist ein Seitenaufruf [] []
[2021-01-06T15:41:12.710260+00:00] test.INFO: Dies ist ein Seitenaufruf [] []
[2021-01-06T15:42:23.989589+00:00] test.INFO: Dies ist ein Seitenaufruf [] []
[2021-01-06T15:42:24.910495+00:00] test.INFO: Dies ist ein Seitenaufruf [] []
[2021-01-06T15:42:27.018364+00:00] test.INFO: Dies ist ein Seitenaufruf [] []
[2021-01-06T15:42:32.106969+00:00] test.INFO: Dies ist ein Seitenaufruf [] []
[2021-01-06T15:42:32.808251+00:00] test.INFO: Dies ist ein Seitenaufruf [] []
[2021-01-06T15:42:44.062467+00:00] test.INFO: Dies ist ein Seitenaufruf [] []
[2021-01-06T15:42:48.912837+00:00] test.INFO: Dies ist ein Seitenaufruf [] []
[2021-01-06T15:42:49.417039+00:00] test.INFO: Dies ist ein Seitenaufruf [] []
[2021-01-06T15:42:50.126544+00:00] test.INFO: Dies ist ein Seitenaufruf [] []
[2021-01-06T15:42:50.817152+00:00] test.INFO: Dies ist ein Seitenaufruf [] []
[2021-01-06T15:42:51.497849+00:00] test.INFO: Dies ist ein Seitenaufruf [] []
[2021-01-06T15:42:52.428481+00:00] test.INFO: Dies ist ein Seitenaufruf [] []
[2021-01-06T15:42:54.035143+00:00] test.INFO: Dies ist ein Seitenaufruf [] []
[2021-01-06T15:46:22.391477+00:00] test.INFO: Dies ist ein Seitenaufruf [] []
[2021-01-06T15:46:26.109526+00:00] test.INFO: Dies ist ein Seitenaufruf [] []
[2021-01-06T15:49:17.573332+00:00] test.INFO: Dies ist ein Seitenaufruf [] []
[2021-01-06T15:49:39.401398+00:00] test.INFO: Dies ist ein Seitenaufruf [] []
[2021-01-06T15:51:05.180003+00:00] test.INFO: Dies ist ein Seitenaufruf [] []
[2021-01-06T15:51:09.012102+00:00] test.INFO: Dies ist ein Seitenaufruf [] []
[2021-01-06T15:51:27.962734+00:00] test.INFO: Dies ist ein Seitenaufruf [] []
[2021-01-06T15:51:40.359133+00:00] test.INFO: Dies ist ein Seitenaufruf [] []
[2021-01-06T15:51:46.239504+00:00] test.INFO: Dies ist ein Seitenaufruf [] []
[2021-01-06T15:52:20.429940+00:00] test.INFO: Dies ist ein Seitenaufruf [] []
[2021-01-06T15:52:49.143519+00:00] test.INFO: Dies ist ein Seitenaufruf [] []
[2021-01-06T15:53:13.474238+00:00] test.INFO: Dies ist ein Seitenaufruf [] []
[2021-01-06T15:53:25.970686+00:00] test.INFO: Dies ist ein Seitenaufruf [] []
[2021-01-06T15:53:47.265813+00:00] test.INFO: Dies ist ein Seitenaufruf [] []
[2021-01-06T15:54:00.518810+00:00] test.INFO: Dies ist ein Seitenaufruf [] []
[2021-01-06T15:54:39.564204+00:00] test.INFO: Dies ist ein Seitenaufruf [] []
[2021-01-06T15:54:53.204061+00:00] test.INFO: Dies ist ein Seitenaufruf [] []
[2021-01-06T15:54:58.295253+00:00] test.INFO: Dies ist ein Seitenaufruf [] []
[2021-01-06T15:55:14.868006+00:00] test.INFO: Dies ist ein Seitenaufruf [] []
[2021-01-06T15:56:17.969627+00:00] test.INFO: Dies ist ein Seitenaufruf [] []
[2021-01-06T15:57:10.277290+00:00] test.INFO: Dies ist ein Seitenaufruf [] []
[2021-01-06T15:57:14.450432+00:00] test.INFO: Dies ist ein Seitenaufruf [] []
[2021-01-06T15:57:19.312990+00:00] test.INFO: Dies ist ein Seitenaufruf [] []
[2021-01-06T15:57:20.290327+00:00] test.INFO: Dies ist ein Seitenaufruf [] []
[2021-01-06T15:57:28.762323+00:00] test.INFO: Dies ist ein Seitenaufruf [] []
[2021-01-06T15:57:41.838804+00:00] test.INFO: Dies ist ein Seitenaufruf [] []
[2021-01-06T15:57:49.980787+00:00] test.INFO: Dies ist ein Seitenaufruf [] []
[2021-01-06T15:57:57.094945+00:00] test.INFO: Dies ist ein Seitenaufruf [] []
[2021-01-06T15:58:01.156997+00:00] test.INFO: Dies ist ein Seitenaufruf [] []
[2021-01-06T15:58:04.583914+00:00] test.INFO: Dies ist ein Seitenaufruf [] []
[2021-01-06T16:00:02.567641+00:00] test.INFO: Dies ist ein Seitenaufruf [] []
[2021-01-06T16:00:05.414472+00:00] test.INFO: Dies ist ein Seitenaufruf [] []
[2021-01-06T16:00:13.570600+00:00] test.INFO: Dies ist ein Seitenaufruf [] []
[2021-01-06T16:00:33.456113+00:00] test.INFO: Dies ist ein Seitenaufruf [] []
[2021-01-06T16:01:02.279011+00:00] test.INFO: Dies ist ein Seitenaufruf [] []
[2021-01-06T16:01:50.160968+00:00] test.INFO: Dies ist ein Seitenaufruf [] []
[2021-01-06T16:02:05.963594+00:00] test.INFO: Dies ist ein Seitenaufruf [] []
[2021-01-06T16:02:27.456749+00:00] test.INFO: Dies ist ein Seitenaufruf [] []
[2021-01-06T16:02:39.710323+00:00] test.INFO: Dies ist ein Seitenaufruf [] []
[2021-01-06T16:02:57.331617+00:00] test.INFO: Dies ist ein Seitenaufruf [] []
[2021-01-06T16:03:02.917767+00:00] test.INFO: Dies ist ein Seitenaufruf [] []
[2021-01-06T16:03:17.576468+00:00] test.INFO: Dies ist ein Seitenaufruf [] []
[2021-01-06T16:03:22.846036+00:00] test.INFO: Dies ist ein Seitenaufruf [] []
[2021-01-06T16:03:31.099028+00:00] test.INFO: Dies ist ein Seitenaufruf [] []
[2021-01-06T16:03:48.676130+00:00] test.INFO: Dies ist ein Seitenaufruf [] []
[2021-01-06T16:04:06.452387+00:00] test.INFO: Dies ist ein Seitenaufruf [] []
[2021-01-06T16:04:51.858671+00:00] test.INFO: Dies ist ein Seitenaufruf [] []
[2021-01-06T16:05:33.045747+00:00] test.INFO: Dies ist ein Seitenaufruf [] []
[2021-01-06T16:07:40.558639+00:00] test.INFO: Dies ist ein Seitenaufruf [] []
[2021-01-06T16:07:46.346084+00:00] test.INFO: Dies ist ein Seitenaufruf [] []
[2021-01-06T16:08:19.683672+00:00] test.INFO: Dies ist ein Seitenaufruf [] []
[2021-01-06T16:08:24.569290+00:00] test.INFO: Dies ist ein Seitenaufruf [] []
[2021-01-06T16:09:37.195872+00:00] test.INFO: Dies ist ein Seitenaufruf [] []
[2021-01-06T16:09:55.490221+00:00] test.INFO: Dies ist ein Seitenaufruf [] []
[2021-01-06T16:10:08.274357+00:00] test.INFO: Dies ist ein Seitenaufruf [] []
[2021-01-06T16:10:19.326456+00:00] test.INFO: Dies ist ein Seitenaufruf [] []
[2021-01-06T16:10:26.472379+00:00] test.INFO: Dies ist ein Seitenaufruf [] []
[2021-01-06T16:11:17.775330+00:00] test.INFO: Dies ist ein Seitenaufruf [] []
[2021-01-06T16:11:32.022841+00:00] test.INFO: Dies ist ein Seitenaufruf [] []
[2021-01-06T16:11:46.650759+00:00] test.INFO: Dies ist ein Seitenaufruf [] []
[2021-01-06T16:11:54.360111+00:00] test.INFO: Dies ist ein Seitenaufruf [] []
[2021-01-06T16:12:17.105871+00:00] test.INFO: Dies ist ein Seitenaufruf [] []
[2021-01-06T16:12:33.065554+00:00] test.INFO: Dies ist ein Seitenaufruf [] []
[2021-01-06T16:12:42.340368+00:00] test.INFO: Dies ist ein Seitenaufruf [] []
[2021-01-06T16:13:00.162362+00:00] test.INFO: Dies ist ein Seitenaufruf [] []
[2021-01-06T16:13:05.923505+00:00] test.INFO: Dies ist ein Seitenaufruf [] []
[2021-01-06T16:13:23.263497+00:00] test.INFO: Dies ist ein Seitenaufruf [] []
[2021-01-06T16:13:29.532736+00:00] test.INFO: Dies ist ein Seitenaufruf [] []
[2021-01-06T16:13:48.632294+00:00] test.INFO: Dies ist ein Seitenaufruf [] []
[2021-01-06T16:14:01.883538+00:00] test.INFO: Dies ist ein Seitenaufruf [] []
[2021-01-06T16:14:32.733540+00:00] test.INFO: Dies ist ein Seitenaufruf [] []
[2021-01-06T16:14:46.287283+00:00] test.INFO: Dies ist ein Seitenaufruf [] []
[2021-01-06T16:14:48.869803+00:00] test.INFO: Dies ist ein Seitenaufruf [] []
[2021-01-06T16:14:57.128966+00:00] test.INFO: Dies ist ein Seitenaufruf [] []
[2021-01-06T16:15:11.298972+00:00] test.INFO: Dies ist ein Seitenaufruf [] []
[2021-01-06T16:16:14.708788+00:00] test.INFO: Dies ist ein Seitenaufruf [] []
[2021-01-06T16:16:36.641035+00:00] test.INFO: Dies ist ein Seitenaufruf [] []
[2021-01-06T16:16:45.581435+00:00] test.INFO: Dies ist ein Seitenaufruf [] []
[2021-01-06T16:17:26.018472+00:00] test.INFO: Dies ist ein Seitenaufruf [] []
[2021-01-06T16:18:23.480340+00:00] test.INFO: Dies ist ein Seitenaufruf [] []
[2021-01-06T16:18:28.755603+00:00] test.INFO: Dies ist ein Seitenaufruf [] []
[2021-01-06T16:18:45.408909+00:00] test.INFO: Dies ist ein Seitenaufruf [] []
[2021-01-06T16:18:53.356888+00:00] test.INFO: Dies ist ein Seitenaufruf [] []
[2021-01-06T16:19:27.443211+00:00] test.INFO: Dies ist ein Seitenaufruf [] []
[2021-01-06T16:19:45.895789+00:00] test.INFO: Dies ist ein Seitenaufruf [] []
[2021-01-06T16:20:38.159315+00:00] test.INFO: Dies ist ein Seitenaufruf [] []
[2021-01-06T16:20:44.355752+00:00] test.INFO: Dies ist ein Seitenaufruf [] []
[2021-01-06T16:21:23.936745+00:00] test.INFO: Dies ist ein Seitenaufruf [] []
[2021-01-06T16:21:32.819246+00:00] test.INFO: Dies ist ein Seitenaufruf [] []
[2021-01-06T16:21:40.009332+00:00] test.INFO: Dies ist ein Seitenaufruf [] []
[2021-01-06T16:21:48.353886+00:00] test.INFO: Dies ist ein Seitenaufruf [] []
[2021-01-06T16:22:19.939303+00:00] test.INFO: Dies ist ein Seitenaufruf [] []
[2021-01-06T16:23:00.592394+00:00] test.INFO: Dies ist ein Seitenaufruf [] []
[2021-01-06T16:23:15.674506+00:00] test.INFO: Dies ist ein Seitenaufruf [] []
[2021-01-06T16:23:53.695477+00:00] test.INFO: Dies ist ein Seitenaufruf [] []
[2021-01-06T16:24:08.546860+00:00] test.INFO: Dies ist ein Seitenaufruf [] []
[2021-01-06T16:24:11.296674+00:00] test.INFO: Dies ist ein Seitenaufruf [] []
[2021-01-06T16:24:20.175045+00:00] test.INFO: Dies ist ein Seitenaufruf [] []
[2021-01-06T16:24:32.571964+00:00] test.INFO: Dies ist ein Seitenaufruf [] []
[2021-01-06T16:24:43.424054+00:00] test.INFO: Dies ist ein Seitenaufruf [] []
[2021-01-06T16:25:03.125081+00:00] test.INFO: Dies ist ein Seitenaufruf [] []
[2021-01-06T16:25:08.979923+00:00] test.INFO: Dies ist ein Seitenaufruf [] []
[2021-01-06T16:25:54.575530+00:00] test.INFO: Dies ist ein Seitenaufruf [] []
[2021-01-06T16:26:10.977300+00:00] test.INFO: Dies ist ein Seitenaufruf [] []
[2021-01-06T16:26:21.477825+00:00] test.INFO: Dies ist ein Seitenaufruf [] []
[2021-01-06T16:26:28.318811+00:00] test.INFO: Dies ist ein Seitenaufruf [] []
[2021-01-06T16:27:17.123149+00:00] test.INFO: Dies ist ein Seitenaufruf [] []
[2021-01-06T16:28:24.107971+00:00] test.INFO: Dies ist ein Seitenaufruf [] []
[2021-01-06T16:28:25.982251+00:00] test.INFO: Dies ist ein Seitenaufruf [] []
[2021-01-06T16:28:30.923489+00:00] test.INFO: Dies ist ein Seitenaufruf [] []
[2021-01-06T16:28:31.930404+00:00] test.INFO: Dies ist ein Seitenaufruf [] []
[2021-01-06T16:28:38.667164+00:00] test.INFO: Dies ist ein Seitenaufruf [] []
[2021-01-06T16:28:39.629074+00:00] test.INFO: Dies ist ein Seitenaufruf [] []
[2021-01-06T16:28:40.284819+00:00] test.INFO: Dies ist ein Seitenaufruf [] []
[2021-01-06T16:28:40.623334+00:00] test.INFO: Dies ist ein Seitenaufruf [] []
[2021-01-06T16:29:00.620877+00:00] test.INFO: Dies ist ein Seitenaufruf [] []
[2021-01-06T16:29:07.299638+00:00] test.INFO: Dies ist ein Seitenaufruf [] []
[2021-01-06T16:29:14.861524+00:00] test.INFO: Dies ist ein Seitenaufruf [] []
[2021-01-06T16:29:23.216692+00:00] test.INFO: Dies ist ein Seitenaufruf [] []
[2021-01-06T16:29:30.975643+00:00] test.INFO: Dies ist ein Seitenaufruf [] []
[2021-01-06T16:29:37.513294+00:00] test.INFO: Dies ist ein Seitenaufruf [] []
[2021-01-06T16:29:51.076225+00:00] test.INFO: Dies ist ein Seitenaufruf [] []
[2021-01-06T16:29:56.068806+00:00] test.INFO: Dies ist ein Seitenaufruf [] []
[2021-01-06T16:30:32.434977+00:00] test.INFO: Dies ist ein Seitenaufruf [] []
[2021-01-06T16:30:57.489884+00:00] test.INFO: Dies ist ein Seitenaufruf [] []
[2021-01-06T16:32:23.456020+00:00] test.INFO: Dies ist ein Seitenaufruf [] []
[2021-01-06T16:32:30.503843+00:00] test.INFO: Dies ist ein Seitenaufruf [] []
[2021-01-06T16:33:41.815906+00:00] test.INFO: Dies ist ein Seitenaufruf [] []
[2021-01-06T16:34:45.917475+00:00] test.INFO: Dies ist ein Seitenaufruf [] []
[2021-01-06T16:35:36.371394+00:00] test.INFO: Dies ist ein Seitenaufruf [] []
[2021-01-06T16:35:41.487032+00:00] test.INFO: Dies ist ein Seitenaufruf [] []
[2021-01-06T16:36:12.788253+00:00] test.INFO: Dies ist ein Seitenaufruf [] []
[2021-01-06T16:37:58.896852+00:00] test.INFO: Dies ist ein Seitenaufruf [] []
[2021-01-06T16:39:39.521506+00:00] test.INFO: Dies ist ein Seitenaufruf [] []
[2021-01-06T16:39:40.806963+00:00] test.INFO: Dies ist ein Seitenaufruf [] []
[2021-01-06T16:39:43.120717+00:00] test.INFO: Dies ist ein Seitenaufruf [] []
[2021-01-06T16:40:38.974142+00:00] test.INFO: Dies ist ein Seitenaufruf [] []
[2021-01-06T16:41:06.842621+00:00] test.INFO: Dies ist ein Seitenaufruf [] []
[2021-01-06T16:41:12.914468+00:00] test.INFO: Dies ist ein Seitenaufruf [] []
[2021-01-06T16:41:24.806830+00:00] test.INFO: Dies ist ein Seitenaufruf [] []
[2021-01-06T16:41:29.773967+00:00] test.INFO: Dies ist ein Seitenaufruf [] []
[2021-01-06T16:41:41.982634+00:00] test.INFO: Dies ist ein Seitenaufruf [] []
[2021-01-06T16:42:00.579227+00:00] test.INFO: Dies ist ein Seitenaufruf [] []
[2021-01-06T16:46:49.414734+00:00] test.INFO: Dies ist ein Seitenaufruf [] []
[2021-01-06T16:46:56.268556+00:00] test.INFO: Dies ist ein Seitenaufruf [] []
[2021-01-06T16:47:01.521476+00:00] test.INFO: Dies ist ein Seitenaufruf [] []
[2021-01-06T16:47:45.452151+00:00] test.INFO: Dies ist ein Seitenaufruf [] []
[2021-01-06T16:47:51.225603+00:00] test.INFO: Dies ist ein Seitenaufruf [] []
[2021-01-06T16:47:55.314536+00:00] test.INFO: Dies ist ein Seitenaufruf [] []
[2021-01-06T16:48:15.727043+00:00] test.INFO: Dies ist ein Seitenaufruf [] []
[2021-01-06T16:48:31.856609+00:00] test.INFO: Dies ist ein Seitenaufruf [] []
[2021-01-06T16:51:35.211049+00:00] test.INFO: Dies ist ein Seitenaufruf [] []
[2021-01-06T16:51:39.180727+00:00] test.INFO: Dies ist ein Seitenaufruf [] []
[2021-01-06T16:51:41.958164+00:00] test.INFO: Dies ist ein Seitenaufruf [] []
[2021-01-06T16:51:52.427812+00:00] test.INFO: Dies ist ein Seitenaufruf [] []
[2021-01-06T16:52:09.913902+00:00] test.INFO: Dies ist ein Seitenaufruf [] []
[2021-01-06T16:52:27.610333+00:00] test.INFO: Dies ist ein Seitenaufruf [] []
[2021-01-06T16:52:31.803690+00:00] test.INFO: Dies ist ein Seitenaufruf [] []
[2021-01-06T16:52:46.285134+00:00] test.INFO: Dies ist ein Seitenaufruf [] []
[2021-01-06T16:52:47.057283+00:00] test.INFO: Dies ist ein Seitenaufruf [] []
[2021-01-06T16:52:50.919256+00:00] test.INFO: Dies ist ein Seitenaufruf [] []
[2021-01-06T16:53:31.977434+00:00] test.INFO: Dies ist ein Seitenaufruf [] []
[2021-01-06T16:54:22.695043+00:00] test.INFO: Dies ist ein Seitenaufruf [] []
[2021-01-06T16:54:53.354693+00:00] test.INFO: Dies ist ein Seitenaufruf [] []
[2021-01-06T16:55:45.773414+00:00] test.INFO: Dies ist ein Seitenaufruf [] []
[2021-01-06T16:56:34.747958+00:00] test.INFO: Dies ist ein Seitenaufruf [] []
[2021-01-06T16:56:46.234396+00:00] test.INFO: Dies ist ein Seitenaufruf [] []
[2021-01-06T16:56:58.049669+00:00] test.INFO: Dies ist ein Seitenaufruf [] []
[2021-01-06T16:56:59.857762+00:00] test.INFO: Dies ist ein Seitenaufruf [] []
[2021-01-06T16:57:05.837772+00:00] test.INFO: Dies ist ein Seitenaufruf [] []
[2021-01-06T16:57:25.592068+00:00] test.INFO: Dies ist ein Seitenaufruf [] []
[2021-01-06T16:57:35.612093+00:00] test.INFO: Dies ist ein Seitenaufruf [] []
[2021-01-06T17:00:14.051321+00:00] test.INFO: Dies ist ein Seitenaufruf [] []
[2021-01-06T17:00:19.917659+00:00] test.INFO: Dies ist ein Seitenaufruf [] []
[2021-01-06T17:00:29.050804+00:00] test.INFO: Dies ist ein Seitenaufruf [] []
[2021-01-06T17:01:20.358532+00:00] test.INFO: Dies ist ein Seitenaufruf [] []
[2021-01-06T17:01:22.105666+00:00] test.INFO: Dies ist ein Seitenaufruf [] []
[2021-01-06T17:01:38.128212+00:00] test.INFO: Dies ist ein Seitenaufruf [] []
[2021-01-06T17:01:43.357738+00:00] test.INFO: Dies ist ein Seitenaufruf [] []
[2021-01-06T17:01:59.371626+00:00] test.INFO: Dies ist ein Seitenaufruf [] []
[2021-01-06T17:02:52.752293+00:00] test.INFO: Dies ist ein Seitenaufruf [] []
[2021-01-06T17:03:13.744823+00:00] test.INFO: Dies ist ein Seitenaufruf [] []
[2021-01-06T17:03:19.875418+00:00] test.INFO: Dies ist ein Seitenaufruf [] []
[2021-01-06T17:04:05.267919+00:00] test.INFO: Dies ist ein Seitenaufruf [] []
[2021-01-06T17:04:07.273807+00:00] test.INFO: Dies ist ein Seitenaufruf [] []
[2021-01-06T17:04:19.525185+00:00] test.INFO: Dies ist ein Seitenaufruf [] []
[2021-01-06T17:04:46.959638+00:00] test.INFO: Dies ist ein Seitenaufruf [] []
[2021-01-06T17:04:51.291346+00:00] test.INFO: Dies ist ein Seitenaufruf [] []
[2021-01-06T17:05:31.128038+00:00] test.INFO: Dies ist ein Seitenaufruf [] []
[2021-01-06T17:05:35.543755+00:00] test.INFO: Dies ist ein Seitenaufruf [] []
[2021-01-06T17:06:28.212143+00:00] test.INFO: Dies ist ein Seitenaufruf [] []
[2021-01-06T17:06:38.600390+00:00] test.INFO: Dies ist ein Seitenaufruf [] []
[2021-01-06T17:07:47.538061+00:00] test.INFO: Dies ist ein Seitenaufruf [] []
[2021-01-06T17:07:49.452500+00:00] test.INFO: Dies ist ein Seitenaufruf [] []
[2021-01-06T17:08:11.982505+00:00] test.INFO: Dies ist ein Seitenaufruf [] []
[2021-01-06T17:08:35.180083+00:00] test.INFO: Dies ist ein Seitenaufruf [] []
[2021-01-06T17:08:50.405292+00:00] test.INFO: Dies ist ein Seitenaufruf [] []
[2021-01-06T17:08:52.838128+00:00] test.INFO: Dies ist ein Seitenaufruf [] []
[2021-01-06T17:09:03.639818+00:00] test.INFO: Dies ist ein Seitenaufruf [] []
[2021-01-06T17:09:11.991066+00:00] test.INFO: Dies ist ein Seitenaufruf [] []
[2021-01-06T17:09:30.573744+00:00] test.INFO: Dies ist ein Seitenaufruf [] []
[2021-01-06T17:11:44.239985+00:00] test.INFO: Dies ist ein Seitenaufruf [] []
[2021-01-06T17:11:45.678149+00:00] test.INFO: Dies ist ein Seitenaufruf [] []
[2021-01-06T17:12:11.431987+00:00] test.INFO: Dies ist ein Seitenaufruf [] []
[2021-01-06T17:12:33.099915+00:00] test.INFO: Dies ist ein Seitenaufruf [] []
[2021-01-06T17:13:03.129872+00:00] test.INFO: Dies ist ein Seitenaufruf [] []
[2021-01-06T17:13:10.195709+00:00] test.INFO: Dies ist ein Seitenaufruf [] []
[2021-01-06T17:13:42.494899+00:00] test.INFO: Dies ist ein Seitenaufruf [] []
[2021-01-06T17:13:48.427043+00:00] test.INFO: Dies ist ein Seitenaufruf [] []
[2021-01-06T17:13:54.335373+00:00] test.INFO: Dies ist ein Seitenaufruf [] []
[2021-01-06T17:14:48.997361+00:00] test.INFO: Dies ist ein Seitenaufruf [] []
[2021-01-06T17:14:56.855698+00:00] test.INFO: Dies ist ein Seitenaufruf [] []
[2021-01-06T17:16:02.025693+00:00] test.INFO: Dies ist ein Seitenaufruf [] []
[2021-01-06T17:16:18.656725+00:00] test.INFO: Dies ist ein Seitenaufruf [] []
[2021-01-06T17:16:40.302981+00:00] test.INFO: Dies ist ein Seitenaufruf [] []
[2021-01-06T17:16:41.816418+00:00] test.INFO: Dies ist ein Seitenaufruf [] []
[2021-01-06T17:16:47.250713+00:00] test.INFO: Dies ist ein Seitenaufruf [] []
[2021-01-06T17:17:03.949588+00:00] test.INFO: Dies ist ein Seitenaufruf [] []
[2021-01-06T17:17:08.752612+00:00] test.INFO: Dies ist ein Seitenaufruf [] []
[2021-01-06T17:17:19.028527+00:00] test.INFO: Dies ist ein Seitenaufruf [] []
[2021-01-06T17:18:04.287831+00:00] test.INFO: Dies ist ein Seitenaufruf [] []
[2021-01-06T17:18:51.542202+00:00] test.INFO: Dies ist ein Seitenaufruf [] []
[2021-01-06T17:19:50.407107+00:00] test.INFO: Dies ist ein Seitenaufruf [] []
[2021-01-06T17:20:14.091902+00:00] test.INFO: Dies ist ein Seitenaufruf [] []
[2021-01-06T17:20:15.858412+00:00] test.INFO: Dies ist ein Seitenaufruf [] []
[2021-01-06T17:20:25.499985+00:00] test.INFO: Dies ist ein Seitenaufruf [] []
[2021-01-06T17:20:35.853291+00:00] test.INFO: Dies ist ein Seitenaufruf [] []
[2021-01-06T17:20:58.221969+00:00] test.INFO: Dies ist ein Seitenaufruf [] []
[2021-01-06T17:20:59.986142+00:00] test.INFO: Dies ist ein Seitenaufruf [] []
[2021-01-06T17:21:24.771438+00:00] test.INFO: Dies ist ein Seitenaufruf [] []
[2021-01-06T17:21:55.175149+00:00] test.INFO: Dies ist ein Seitenaufruf [] []
[2021-01-06T17:21:58.393896+00:00] test.INFO: Dies ist ein Seitenaufruf [] []
[2021-01-06T17:22:05.386744+00:00] test.INFO: Dies ist ein Seitenaufruf [] []
[2021-01-06T17:22:16.217362+00:00] test.INFO: Dies ist ein Seitenaufruf [] []
[2021-01-06T17:22:18.382014+00:00] test.INFO: Dies ist ein Seitenaufruf [] []
[2021-01-06T17:22:20.972125+00:00] test.INFO: Dies ist ein Seitenaufruf [] []
[2021-01-06T17:22:35.422696+00:00] test.INFO: Dies ist ein Seitenaufruf [] []
[2021-01-06T17:22:39.053630+00:00] test.INFO: Dies ist ein Seitenaufruf [] []
[2021-01-06T17:23:27.699678+00:00] test.INFO: Dies ist ein Seitenaufruf [] []
[2021-01-06T17:24:04.619848+00:00] test.INFO: Dies ist ein Seitenaufruf [] []
[2021-01-06T17:24:12.398091+00:00] test.INFO: Dies ist ein Seitenaufruf [] []
[2021-01-06T17:26:50.387127+00:00] test.INFO: Dies ist ein Seitenaufruf [] []
[2021-01-06T17:27:09.484228+00:00] test.INFO: Dies ist ein Seitenaufruf [] []
[2021-01-06T17:27:42.007260+00:00] test.INFO: Dies ist ein Seitenaufruf [] []
[2021-01-06T17:28:06.140857+00:00] test.INFO: Dies ist ein Seitenaufruf [] []
[2021-01-06T17:28:37.788496+00:00] test.INFO: Dies ist ein Seitenaufruf [] []
[2021-01-06T17:29:07.219421+00:00] test.INFO: Dies ist ein Seitenaufruf [] []
[2021-01-06T17:29:56.202335+00:00] test.INFO: Dies ist ein Seitenaufruf [] []
[2021-01-06T17:30:10.543918+00:00] test.INFO: Dies ist ein Seitenaufruf [] []
[2021-01-06T17:30:24.419978+00:00] test.INFO: Dies ist ein Seitenaufruf [] []
[2021-01-06T17:30:37.901914+00:00] test.INFO: Dies ist ein Seitenaufruf [] []
[2021-01-06T17:30:38.908469+00:00] test.INFO: Dies ist ein Seitenaufruf [] []
[2021-01-06T17:31:02.064154+00:00] test.INFO: Dies ist ein Seitenaufruf [] []
[2021-01-06T17:31:02.940160+00:00] test.INFO: Dies ist ein Seitenaufruf [] []
[2021-01-06T17:31:03.680087+00:00] test.INFO: Dies ist ein Seitenaufruf [] []
[2021-01-06T17:31:04.191986+00:00] test.INFO: Dies ist ein Seitenaufruf [] []
[2021-01-06T17:31:16.676417+00:00] test.INFO: Dies ist ein Seitenaufruf [] []
[2021-01-06T17:31:27.362792+00:00] test.INFO: Dies ist ein Seitenaufruf [] []
[2021-01-06T17:31:36.542686+00:00] test.INFO: Dies ist ein Seitenaufruf [] []
[2021-01-06T17:31:39.117478+00:00] test.INFO: Dies ist ein Seitenaufruf [] []
[2021-01-06T17:31:56.145955+00:00] test.INFO: Dies ist ein Seitenaufruf [] []
[2021-01-06T17:31:57.468722+00:00] test.INFO: Dies ist ein Seitenaufruf [] []
[2021-01-06T17:33:27.573213+00:00] test.INFO: Dies ist ein Seitenaufruf [] []
[2021-01-06T17:33:37.111800+00:00] test.INFO: Dies ist ein Seitenaufruf [] []
[2021-01-06T17:33:49.586415+00:00] test.INFO: Dies ist ein Seitenaufruf [] []
[2021-01-06T17:34:31.455184+00:00] test.INFO: Dies ist ein Seitenaufruf [] []
[2021-01-06T17:34:41.234402+00:00] test.INFO: Dies ist ein Seitenaufruf [] []
[2021-01-06T17:34:46.892757+00:00] test.INFO: Dies ist ein Seitenaufruf [] []
[2021-01-06T17:35:44.320990+00:00] test.INFO: Dies ist ein Seitenaufruf [] []
[2021-01-06T18:00:28.148419+00:00] test.INFO: Dies ist ein Seitenaufruf [] []
[2021-01-06T18:01:34.834846+00:00] test.INFO: Dies ist ein Seitenaufruf [] []
[2021-01-06T18:02:08.006356+00:00] test.INFO: Dies ist ein Seitenaufruf [] []
[2021-01-06T18:02:08.914016+00:00] test.INFO: Dies ist ein Seitenaufruf [] []
[2021-01-06T18:02:30.629850+00:00] test.INFO: Dies ist ein Seitenaufruf [] []
[2021-01-06T18:02:31.585530+00:00] test.INFO: Dies ist ein Seitenaufruf [] []
[2021-01-06T18:02:45.170162+00:00] test.INFO: Dies ist ein Seitenaufruf [] []
[2021-01-06T18:03:00.417206+00:00] test.INFO: Dies ist ein Seitenaufruf [] []
[2021-01-06T18:03:11.954575+00:00] test.INFO: Dies ist ein Seitenaufruf [] []
[2021-01-06T18:03:12.777823+00:00] test.INFO: Dies ist ein Seitenaufruf [] []
[2021-01-06T18:03:15.275484+00:00] test.INFO: Dies ist ein Seitenaufruf [] []
[2021-01-06T18:03:26.186571+00:00] test.INFO: Dies ist ein Seitenaufruf [] []
[2021-01-06T18:03:27.029808+00:00] test.INFO: Dies ist ein Seitenaufruf [] []
[2021-01-06T18:03:37.796613+00:00] test.INFO: Dies ist ein Seitenaufruf [] []
[2021-01-06T18:04:05.945991+00:00] test.INFO: Dies ist ein Seitenaufruf [] []
[2021-01-06T18:04:08.142557+00:00] test.INFO: Dies ist ein Seitenaufruf [] []
[2021-01-06T18:04:41.040581+00:00] test.INFO: Dies ist ein Seitenaufruf [] []
[2021-01-06T18:04:56.644415+00:00] test.INFO: Dies ist ein Seitenaufruf [] []
[2021-01-06T18:05:17.016658+00:00] test.INFO: Dies ist ein Seitenaufruf [] []
[2021-01-06T18:05:17.912428+00:00] test.INFO: Dies ist ein Seitenaufruf [] []
[2021-01-06T18:08:04.062963+00:00] test.INFO: Dies ist ein Seitenaufruf [] []
[2021-01-06T18:08:16.013522+00:00] test.INFO: Dies ist ein Seitenaufruf [] []
[2021-01-06T18:08:31.853072+00:00] test.INFO: Dies ist ein Seitenaufruf [] []
[2021-01-06T18:08:33.492736+00:00] test.INFO: Dies ist ein Seitenaufruf [] []
[2021-01-06T18:09:15.320288+00:00] test.INFO: Dies ist ein Seitenaufruf [] []
[2021-01-06T18:09:21.787115+00:00] test.INFO: Dies ist ein Seitenaufruf [] []
[2021-01-06T18:09:45.253174+00:00] test.INFO: Dies ist ein Seitenaufruf [] []
[2021-01-06T18:10:33.783872+00:00] test.INFO: Dies ist ein Seitenaufruf [] []
[2021-01-06T18:10:51.362377+00:00] test.INFO: Dies ist ein Seitenaufruf [] []
[2021-01-06T18:10:58.402357+00:00] test.INFO: Dies ist ein Seitenaufruf [] []
[2021-01-06T18:11:08.570647+00:00] test.INFO: Dies ist ein Seitenaufruf [] []
[2021-01-06T18:11:23.295530+00:00] test.INFO: Dies ist ein Seitenaufruf [] []
[2021-01-06T18:11:48.704505+00:00] test.INFO: Dies ist ein Seitenaufruf [] []
[2021-01-06T18:12:25.224665+00:00] test.INFO: Dies ist ein Seitenaufruf [] []
[2021-01-06T18:15:14.469214+00:00] test.INFO: Dies ist ein Seitenaufruf [] []
[2021-01-11T14:31:14.655459+00:00] test.INFO: Dies ist ein Seitenaufruf [] []
[2021-01-11T14:47:40.513546+00:00] test.WARNING: Versuchte Anmeldung {"email":""} []
[2021-01-11T14:48:41.011347+00:00] test.INFO: Dies ist ein Seitenaufruf [] []
[2021-01-11T14:50:58.050369+00:00] test.INFO: Dies ist ein Seitenaufruf [] []
[2021-01-11T14:53:43.110224+00:00] test.INFO: Dies ist ein Seitenaufruf [] []
[2021-01-11T14:54:34.679166+00:00] test.INFO: Dies ist ein Seitenaufruf [] []
[2021-01-11T14:55:47.721770+00:00] test.INFO: Dies ist ein Seitenaufruf [] []
[2021-01-11T14:56:16.467827+00:00] test.INFO: Dies ist ein Seitenaufruf [] []
[2021-01-11T14:57:58.552652+00:00] test.INFO: Dies ist ein Seitenaufruf [] []
[2021-01-11T14:58:20.751502+00:00] test.INFO: Dies ist ein Seitenaufruf [] []
[2021-01-11T14:58:53.980756+00:00] test.INFO: Dies ist ein Seitenaufruf [] []
[2021-01-11T14:59:33.954268+00:00] test.INFO: Dies ist ein Seitenaufruf [] []
[2021-01-11T14:59:51.217997+00:00] test.INFO: Dies ist ein Seitenaufruf [] []
[2021-01-11T15:00:05.716555+00:00] test.INFO: Dies ist ein Seitenaufruf [] []
[2021-01-11T15:00:13.643582+00:00] test.INFO: Dies ist ein Seitenaufruf [] []
[2021-01-11T15:00:50.662653+00:00] test.INFO: Dies ist ein Seitenaufruf [] []
[2021-01-11T15:01:28.744663+00:00] test.INFO: Dies ist ein Seitenaufruf [] []
[2021-01-11T15:01:29.936181+00:00] test.INFO: Dies ist ein Seitenaufruf [] []
[2021-01-11T15:02:04.848402+00:00] test.INFO: Dies ist ein Seitenaufruf [] []
[2021-01-11T15:03:26.039059+00:00] test.INFO: Dies ist ein Seitenaufruf [] []
[2021-01-11T15:04:04.789016+00:00] test.INFO: Dies ist ein Seitenaufruf [] []
[2021-01-11T15:04:27.012320+00:00] test.INFO: Dies ist ein Seitenaufruf [] []
[2021-01-11T15:05:38.495017+00:00] test.INFO: Dies ist ein Seitenaufruf [] []
[2021-01-11T15:05:41.750306+00:00] test.INFO: Dies ist ein Seitenaufruf [] []
[2021-01-11T15:06:53.382763+00:00] test.INFO: Dies ist ein Seitenaufruf [] []
[2021-01-11T15:07:42.594749+00:00] test.INFO: Dies ist ein Seitenaufruf [] []
[2021-01-11T15:08:12.332806+00:00] test.INFO: Dies ist ein Seitenaufruf [] []
[2021-01-11T15:10:07.542076+00:00] test.INFO: Dies ist ein Seitenaufruf [] []
[2021-01-11T15:10:41.565137+00:00] test.INFO: Dies ist ein Seitenaufruf [] []
[2021-01-11T15:10:47.728921+00:00] test.INFO: Dies ist ein Seitenaufruf [] []
[2021-01-11T15:12:35.402592+00:00] test.INFO: Dies ist ein Seitenaufruf [] []
[2021-01-11T15:14:55.481956+00:00] test.INFO: Dies ist ein Seitenaufruf [] []
[2021-01-11T15:15:07.829522+00:00] test.INFO: Dies ist ein Seitenaufruf [] []
[2021-01-11T15:16:27.047815+00:00] test.INFO: Dies ist ein Seitenaufruf [] []
[2021-01-11T15:16:40.744747+00:00] test.INFO: Dies ist ein Seitenaufruf [] []
[2021-01-11T15:17:45.701065+00:00] test.INFO: Dies ist ein Seitenaufruf [] []
[2021-01-11T15:17:54.514982+00:00] test.INFO: Dies ist ein Seitenaufruf [] []
[2021-01-11T15:18:10.945624+00:00] test.INFO: Dies ist ein Seitenaufruf [] []
[2021-01-11T15:18:17.645447+00:00] test.INFO: Dies ist ein Seitenaufruf [] []
[2021-01-11T15:18:28.512018+00:00] test.INFO: Dies ist ein Seitenaufruf [] []
[2021-01-11T15:18:58.233883+00:00] test.INFO: Dies ist ein Seitenaufruf [] []
[2021-01-11T15:19:56.825015+00:00] test.INFO: Dies ist ein Seitenaufruf [] []
[2021-01-11T15:20:16.311998+00:00] test.INFO: Dies ist ein Seitenaufruf [] []
[2021-01-11T15:20:51.969186+00:00] test.INFO: Dies ist ein Seitenaufruf [] []
[2021-01-11T15:21:33.753157+00:00] test.INFO: Dies ist ein Seitenaufruf [] []
[2021-01-11T15:23:19.803487+00:00] test.INFO: Dies ist ein Seitenaufruf [] []
[2021-01-11T15:23:49.910296+00:00] test.INFO: Dies ist ein Seitenaufruf [] []
[2021-01-11T15:24:32.439088+00:00] test.INFO: Dies ist ein Seitenaufruf [] []
[2021-01-11T15:25:05.314118+00:00] test.INFO: Dies ist ein Seitenaufruf [] []
