[2020-12-16T21:23:35.372745+00:00] notice.INFO: Seitenaufruf [] []
[2020-12-16T21:23:53.840545+00:00] notice.INFO: Seitenaufruf [] []
[2020-12-16T21:23:55.116121+00:00] notice.INFO: Seitenaufruf [] []
[2020-12-16T21:23:55.268723+00:00] notice.INFO: Seitenaufruf [] []
[2020-12-16T21:26:00.597711+00:00] Informationen.INFO: Seitenaufruf [] []
[2020-12-16T21:26:02.374741+00:00] Informationen.INFO: Seitenaufruf [] []
[2020-12-16T21:29:34.877254+00:00] Informationen.INFO: Seitenaufruf [] []
[2020-12-16T21:29:36.046033+00:00] Informationen.INFO: Seitenaufruf [] []
[2020-12-16T21:34:21.882418+00:00] Informationen.INFO: Seitenaufruf [] []
[2020-12-16T21:34:37.595435+00:00] Informationen.INFO: Seitenaufruf [] []
[2020-12-16T21:34:38.889400+00:00] Informationen.INFO: Seitenaufruf [] []
[2020-12-16T21:34:39.028845+00:00] Informationen.INFO: Seitenaufruf [] []
[2020-12-16T21:34:43.971054+00:00] Informationen.INFO: Seitenaufruf [] []
[2020-12-16T21:34:44.169013+00:00] Informationen.INFO: Seitenaufruf [] []
[2020-12-17T15:53:53.357104+00:00] Informationen.INFO: test123 [] []
[2020-12-17T15:53:54.645808+00:00] Informationen.INFO: test123 [] []
[2020-12-17T15:55:02.367790+00:00] Informationen.WARNING: test123 [] []
[2020-12-17T15:55:02.867998+00:00] Informationen.WARNING: test123 [] []
[2020-12-17T15:56:07.173481+00:00] Informationen.WARNING: test123 [] []
[2020-12-17T15:56:08.741395+00:00] Informationen.INFO: Abmeldung {"email":false} []
[2020-12-17T15:56:08.749440+00:00] Informationen.WARNING: test123 [] []
