[2020-12-16T19:28:19.635774+00:00] logger1.INFO: test [] []
[2020-12-16T19:28:44.624989+00:00] logger1.INFO: test [] []
[2020-12-16T19:28:45.191227+00:00] logger1.INFO: test [] []
[2020-12-16T19:28:56.442612+00:00] logger1.INFO: test [] []
[2020-12-16T19:28:57.183298+00:00] logger1.INFO: test [] []
[2020-12-16T19:28:57.755633+00:00] logger1.INFO: test [] []
[2020-12-16T19:28:58.095936+00:00] logger1.INFO: test [] []
[2020-12-16T19:29:02.741311+00:00] logger1.INFO: test [] []
[2020-12-16T19:30:01.854044+00:00] logger1.INFO: test [] []
[2020-12-16T20:27:56.783832+00:00] logger1.INFO: test [] []
[2020-12-16T20:28:27.956706+00:00] logger1.INFO: test [] []
[2020-12-16T20:28:45.759789+00:00] logger1.INFO: test [] []
[2020-12-16T20:28:56.778965+00:00] logger1.INFO: test [] []
[2020-12-16T20:28:57.495576+00:00] logger1.INFO: test [] []
[2020-12-16T20:29:29.057137+00:00] logger1.INFO: test [] []
[2020-12-16T20:29:29.978471+00:00] logger1.INFO: test [] []
[2020-12-16T20:30:01.794075+00:00] logger1.INFO: info [] []
[2020-12-16T20:30:09.984213+00:00] logger1.INFO: info [] []
[2020-12-16T20:30:15.739772+00:00] logger1.INFO: info [] []
[2020-12-16T20:30:16.659247+00:00] logger1.INFO: info [] []
[2020-12-16T20:32:33.319768+00:00] logger1.INFO: dies ist eine message [] []
[2020-12-16T20:32:35.542531+00:00] logger1.INFO: dies ist eine message [] []
[2020-12-16T20:33:09.014623+00:00] logger1.INFO: dies ist eine message [] []
[2020-12-16T20:33:52.381536+00:00] logger1.INFO: dies ist eine message [] []
[2020-12-16T20:38:30.055591+00:00] logger1.INFO: dies ist eine message [] []
[2020-12-16T20:38:30.615022+00:00] logger1.INFO: dies ist eine message [] []
[2020-12-16T20:40:47.979539+00:00] logger1.INFO: dies ist eine message [] []
[2020-12-16T21:29:34.878179+00:00] notice.INFO: test [] []
[2020-12-16T21:29:36.046809+00:00] notice.INFO: test [] []
[2020-12-16T21:34:21.883321+00:00] notice.INFO: test [] []
[2020-12-16T21:34:37.596180+00:00] notice.INFO: test [] []
[2020-12-16T21:34:38.892137+00:00] notice.INFO: test [] []
[2020-12-16T21:34:39.029583+00:00] notice.INFO: test [] []
[2020-12-16T21:34:43.971968+00:00] notice.INFO: test [] []
[2020-12-16T21:34:44.169741+00:00] notice.INFO: test [] []
[2020-12-16T21:35:12.859668+00:00] notice.INFO: test [] []
[2020-12-16T21:35:13.059681+00:00] notice.INFO: test [] []
[2020-12-16T21:35:15.539489+00:00] notice.INFO: test [] []
[2020-12-16T21:35:51.571372+00:00] notice.INFO: test [] []
[2020-12-16T21:37:14.860284+00:00] notice.ALERT: achtung achtung [] []
[2020-12-16T21:37:15.291440+00:00] notice.ALERT: achtung achtung [] []
[2020-12-16T21:37:32.219077+00:00] notice.ALERT: achtung achtung [] []
[2020-12-16T21:39:05.439667+00:00] notice.INFO: Nachricht [123] []
[2020-12-16T21:39:09.091440+00:00] notice.INFO: Nachricht [123] []
[2020-12-16T21:39:09.376473+00:00] notice.INFO: Nachricht [123] []
[2020-12-16T21:39:41.429716+00:00] notice.INFO: Nachricht [] []
[2020-12-16T21:39:41.792711+00:00] notice.INFO: Nachricht [] []
[2020-12-16T21:40:27.512171+00:00] notice.INFO: Nachricht [] []
[2020-12-16T21:40:28.000495+00:00] notice.INFO: Nachricht [] []
[2020-12-16T21:41:43.631428+00:00] notice.INFO: Nachricht [] []
[2020-12-16T21:41:43.940652+00:00] notice.INFO: Nachricht [] []
[2020-12-16T21:42:02.288851+00:00] notice.INFO: Nachricht [] []
[2020-12-16T21:42:02.478806+00:00] notice.INFO: Nachricht [] []
[2020-12-16T21:42:15.304577+00:00] notice.INFO: Nachricht [] []
[2020-12-16T21:42:42.031613+00:00] notice.INFO: Nachricht [] []
[2020-12-16T21:42:43.573728+00:00] notice.INFO: Nachricht [] []
[2020-12-16T21:50:12.283557+00:00] notice.INFO: Anmeldung {"email":"admin@emensa.example"} []
[2020-12-16T21:50:19.325485+00:00] notice.INFO: Abmeldung {"email":false} []
[2020-12-16T21:50:22.200939+00:00] notice.WARNING: Versuchte Anmeldung {"email":"admin@emensa.example"} []
[2020-12-16T21:51:08.761653+00:00] notice.WARNING: Versuchte Anmeldung {"email":"admin@emensa.example"} []
[2020-12-17T15:51:55.355750+00:00] notice.INFO: test123 [] []
[2020-12-17T15:51:56.032788+00:00] notice.INFO: test123 [] []
[2020-12-17T15:56:07.162294+00:00] test.INFO: Anmeldung {"email":"admin@emensa.example"} []
