[2020-12-16T20:41:41.113723+00:00] logger1.INFO: dies ist eine message [] []
[2020-12-16T20:41:44.763475+00:00] logger1.INFO: dies ist eine message [] []
[2020-12-16T20:41:49.741461+00:00] logger1.INFO: dies ist eine message [] []
[2020-12-16T20:46:53.686806+00:00] logger1.INFO: dies ist eine message [] []
[2020-12-16T20:48:36.680053+00:00] logger1.INFO: dies ist eine message [] []
[2020-12-16T20:48:37.602486+00:00] logger1.INFO: dies ist eine message [] []
[2020-12-16T20:49:26.110721+00:00] logger1.INFO: Seite aufgerufen! [] []
[2020-12-16T20:49:26.945652+00:00] logger1.INFO: Seite aufgerufen! [] []
[2020-12-16T20:51:12.538359+00:00] logger1.INFO: Dies ist ein Test [] []
[2020-12-16T20:51:13.830700+00:00] logger1.INFO: Dies ist ein Test [] []
[2020-12-16T20:53:14.782169+00:00] logger1.INFO: dies ist ein Test [] []
[2020-12-16T20:53:15.881448+00:00] logger1.INFO: dies ist ein Test [] []
[2020-12-16T20:54:58.163852+00:00] logger1.INFO: dies ist ein Test [] []
[2020-12-16T20:55:02.093555+00:00] logger1.INFO: dies ist ein Test [] []
[2020-12-16T20:55:03.181024+00:00] logger1.INFO: dies ist ein Test [] []
[2020-12-16T20:56:18.870496+00:00] logger1.INFO: dies ist ein Test [] []
[2020-12-16T20:56:22.109469+00:00] logger1.INFO: dies ist ein Test [] []
[2020-12-16T20:56:35.373665+00:00] logger1.INFO: dies ist ein Test [] []
[2020-12-16T20:57:32.259781+00:00] logger1.INFO: dies ist ein Test [] []
[2020-12-16T20:57:32.260546+00:00] logger1.INFO: test [] []
[2020-12-16T20:57:34.036341+00:00] logger1.INFO: dies ist ein Test [] []
[2020-12-16T20:57:34.037090+00:00] logger1.INFO: test [] []
[2020-12-16T20:57:39.814865+00:00] logger1.INFO: dies ist ein Test [] []
[2020-12-16T20:57:39.815584+00:00] logger1.INFO: test [] []
[2020-12-16T20:57:41.807486+00:00] logger1.INFO: dies ist ein Test [] []
[2020-12-16T20:57:41.808205+00:00] logger1.INFO: test [] []
